Determining if the pthread_create exist failed with the following output:
Change Dir: /home/chouer/workspace/vrep/coppeliasim/programming/bluezero/build/CMakeFiles/CMakeTmp

Run Build Command:"/usr/bin/make" "cmTC_a60c7/fast"
/usr/bin/make -f CMakeFiles/cmTC_a60c7.dir/build.make CMakeFiles/cmTC_a60c7.dir/build
make[1]: Entering directory '/home/chouer/workspace/vrep/coppeliasim/programming/bluezero/build/CMakeFiles/CMakeTmp'
Building C object CMakeFiles/cmTC_a60c7.dir/CheckSymbolExists.c.o
/usr/bin/cc    -o CMakeFiles/cmTC_a60c7.dir/CheckSymbolExists.c.o   -c /home/chouer/workspace/vrep/coppeliasim/programming/bluezero/build/CMakeFiles/CMakeTmp/CheckSymbolExists.c
Linking C executable cmTC_a60c7
/usr/bin/cmake -E cmake_link_script CMakeFiles/cmTC_a60c7.dir/link.txt --verbose=1
/usr/bin/cc      -rdynamic CMakeFiles/cmTC_a60c7.dir/CheckSymbolExists.c.o  -o cmTC_a60c7 
CMakeFiles/cmTC_a60c7.dir/CheckSymbolExists.c.o: In function `main':
CheckSymbolExists.c:(.text+0x1b): undefined reference to `pthread_create'
collect2: error: ld returned 1 exit status
CMakeFiles/cmTC_a60c7.dir/build.make:97: recipe for target 'cmTC_a60c7' failed
make[1]: *** [cmTC_a60c7] Error 1
make[1]: Leaving directory '/home/chouer/workspace/vrep/coppeliasim/programming/bluezero/build/CMakeFiles/CMakeTmp'
Makefile:126: recipe for target 'cmTC_a60c7/fast' failed
make: *** [cmTC_a60c7/fast] Error 2

File /home/chouer/workspace/vrep/coppeliasim/programming/bluezero/build/CMakeFiles/CMakeTmp/CheckSymbolExists.c:
/* */
#include <pthread.h>

int main(int argc, char** argv)
{
  (void)argv;
#ifndef pthread_create
  return ((int*)(&pthread_create))[argc];
#else
  (void)argc;
  return 0;
#endif
}

Determining if the function pthread_create exists in the pthreads failed with the following output:
Change Dir: /home/chouer/workspace/vrep/coppeliasim/programming/bluezero/build/CMakeFiles/CMakeTmp

Run Build Command:"/usr/bin/make" "cmTC_1d077/fast"
/usr/bin/make -f CMakeFiles/cmTC_1d077.dir/build.make CMakeFiles/cmTC_1d077.dir/build
make[1]: Entering directory '/home/chouer/workspace/vrep/coppeliasim/programming/bluezero/build/CMakeFiles/CMakeTmp'
Building C object CMakeFiles/cmTC_1d077.dir/CheckFunctionExists.c.o
/usr/bin/cc   -DCHECK_FUNCTION_EXISTS=pthread_create   -o CMakeFiles/cmTC_1d077.dir/CheckFunctionExists.c.o   -c /usr/share/cmake-3.10/Modules/CheckFunctionExists.c
Linking C executable cmTC_1d077
/usr/bin/cmake -E cmake_link_script CMakeFiles/cmTC_1d077.dir/link.txt --verbose=1
/usr/bin/cc  -DCHECK_FUNCTION_EXISTS=pthread_create    -rdynamic CMakeFiles/cmTC_1d077.dir/CheckFunctionExists.c.o  -o cmTC_1d077 -lpthreads 
/usr/bin/ld: cannot find -lpthreads
collect2: error: ld returned 1 exit status
CMakeFiles/cmTC_1d077.dir/build.make:97: recipe for target 'cmTC_1d077' failed
make[1]: *** [cmTC_1d077] Error 1
make[1]: Leaving directory '/home/chouer/workspace/vrep/coppeliasim/programming/bluezero/build/CMakeFiles/CMakeTmp'
Makefile:126: recipe for target 'cmTC_1d077/fast' failed
make: *** [cmTC_1d077/fast] Error 2


Performing C++ SOURCE FILE Test HAVE_PTHREAD_SETNAME_1 failed with the following output:
Change Dir: /home/chouer/workspace/vrep/coppeliasim/programming/bluezero/build/CMakeFiles/CMakeTmp

Run Build Command:"/usr/bin/make" "cmTC_68350/fast"
/usr/bin/make -f CMakeFiles/cmTC_68350.dir/build.make CMakeFiles/cmTC_68350.dir/build
make[1]: Entering directory '/home/chouer/workspace/vrep/coppeliasim/programming/bluezero/build/CMakeFiles/CMakeTmp'
Building CXX object CMakeFiles/cmTC_68350.dir/src.cxx.o
/usr/bin/c++    -DHAVE_PTHREAD_SETNAME_1 -D_GNU_SOURCE -Werror=implicit-function-declaration -pthread   -o CMakeFiles/cmTC_68350.dir/src.cxx.o -c /home/chouer/workspace/vrep/coppeliasim/programming/bluezero/build/CMakeFiles/CMakeTmp/src.cxx
/home/chouer/workspace/vrep/coppeliasim/programming/bluezero/build/CMakeFiles/CMakeTmp/src.cxx: In function ‘int main()’:
/home/chouer/workspace/vrep/coppeliasim/programming/bluezero/build/CMakeFiles/CMakeTmp/src.cxx:5:29: error: invalid conversion from ‘const char*’ to ‘pthread_t {aka long unsigned int}’ [-fpermissive]
     pthread_setname_np("foo");
                             ^
/home/chouer/workspace/vrep/coppeliasim/programming/bluezero/build/CMakeFiles/CMakeTmp/src.cxx:5:29: error: too few arguments to function ‘int pthread_setname_np(pthread_t, const char*)’
In file included from /home/chouer/workspace/vrep/coppeliasim/programming/bluezero/build/CMakeFiles/CMakeTmp/src.cxx:2:0:
/usr/include/pthread.h:452:12: note: declared here
 extern int pthread_setname_np (pthread_t __target_thread, const char *__name)
            ^~~~~~~~~~~~~~~~~~
CMakeFiles/cmTC_68350.dir/build.make:65: recipe for target 'CMakeFiles/cmTC_68350.dir/src.cxx.o' failed
make[1]: *** [CMakeFiles/cmTC_68350.dir/src.cxx.o] Error 1
make[1]: Leaving directory '/home/chouer/workspace/vrep/coppeliasim/programming/bluezero/build/CMakeFiles/CMakeTmp'
Makefile:126: recipe for target 'cmTC_68350/fast' failed
make: *** [cmTC_68350/fast] Error 2

Return value: 1
Source file was:

#include <pthread.h>
int main()
{
    pthread_setname_np("foo");
    return 0;
}

Performing C SOURCE FILE Test HAVE_PTHREAD_SETNAME_3 failed with the following output:
Change Dir: /home/chouer/workspace/vrep/coppeliasim/programming/bluezero/build/CMakeFiles/CMakeTmp

Run Build Command:"/usr/bin/make" "cmTC_eccbd/fast"
/usr/bin/make -f CMakeFiles/cmTC_eccbd.dir/build.make CMakeFiles/cmTC_eccbd.dir/build
make[1]: Entering directory '/home/chouer/workspace/vrep/coppeliasim/programming/bluezero/build/CMakeFiles/CMakeTmp'
Building C object CMakeFiles/cmTC_eccbd.dir/src.c.o
/usr/bin/cc   -DHAVE_PTHREAD_SETNAME_3 -D_GNU_SOURCE -Werror=implicit-function-declaration -pthread   -o CMakeFiles/cmTC_eccbd.dir/src.c.o   -c /home/chouer/workspace/vrep/coppeliasim/programming/bluezero/build/CMakeFiles/CMakeTmp/src.c
/home/chouer/workspace/vrep/coppeliasim/programming/bluezero/build/CMakeFiles/CMakeTmp/src.c: In function ‘main’:
/home/chouer/workspace/vrep/coppeliasim/programming/bluezero/build/CMakeFiles/CMakeTmp/src.c:5:5: error: too many arguments to function ‘pthread_setname_np’
     pthread_setname_np(pthread_self(), "foo", (void *)0);
     ^~~~~~~~~~~~~~~~~~
In file included from /home/chouer/workspace/vrep/coppeliasim/programming/bluezero/build/CMakeFiles/CMakeTmp/src.c:2:0:
/usr/include/pthread.h:452:12: note: declared here
 extern int pthread_setname_np (pthread_t __target_thread, const char *__name)
            ^~~~~~~~~~~~~~~~~~
CMakeFiles/cmTC_eccbd.dir/build.make:65: recipe for target 'CMakeFiles/cmTC_eccbd.dir/src.c.o' failed
make[1]: *** [CMakeFiles/cmTC_eccbd.dir/src.c.o] Error 1
make[1]: Leaving directory '/home/chouer/workspace/vrep/coppeliasim/programming/bluezero/build/CMakeFiles/CMakeTmp'
Makefile:126: recipe for target 'cmTC_eccbd/fast' failed
make: *** [cmTC_eccbd/fast] Error 2

Return value: 1
Source file was:

#include <pthread.h>
int main()
{
    pthread_setname_np(pthread_self(), "foo", (void *)0);
    return 0;
}

